[2025-04-15T20:09:28.919+0000] {manager.py:483} INFO - Processing files using up to 2 processes at a time 
[2025-04-15T20:09:28.920+0000] {manager.py:484} INFO - Process each file at most once every 30 seconds
[2025-04-15T20:09:28.920+0000] {manager.py:485} INFO - Checking for new files in /opt/airflow/dags every 300 seconds
[2025-04-15T20:09:28.920+0000] {manager.py:821} INFO - Searching for files in /opt/airflow/dags
[2025-04-15T20:09:28.922+0000] {manager.py:824} INFO - There are 0 files in /opt/airflow/dags
[2025-04-15T20:14:28.961+0000] {manager.py:821} INFO - Searching for files in /opt/airflow/dags
[2025-04-15T20:14:28.971+0000] {manager.py:824} INFO - There are 1 files in /opt/airflow/dags
[2025-04-15T20:14:32.047+0000] {manager.py:997} INFO - 
================================================================================
DAG File Processing Stats

File Path                        PID    Runtime      # DAGs    # Errors  Last Runtime    Last Run               Last # of DB Queries
-------------------------------  -----  ---------  --------  ----------  --------------  -------------------  ----------------------
/opt/airflow/dags/reddit_dag.py                           0           0  0.06s           2025-04-15T20:14:29                       3
================================================================================
[2025-04-15T20:15:02.424+0000] {manager.py:997} INFO - 
================================================================================
DAG File Processing Stats

File Path                        PID    Runtime      # DAGs    # Errors  Last Runtime    Last Run               Last # of DB Queries
-------------------------------  -----  ---------  --------  ----------  --------------  -------------------  ----------------------
/opt/airflow/dags/reddit_dag.py                           0           0  0.09s           2025-04-15T20:14:59                       3
================================================================================
[2025-04-15T20:15:32.783+0000] {manager.py:997} INFO - 
================================================================================
DAG File Processing Stats

File Path                        PID    Runtime      # DAGs    # Errors  Last Runtime    Last Run               Last # of DB Queries
-------------------------------  -----  ---------  --------  ----------  --------------  -------------------  ----------------------
/opt/airflow/dags/reddit_dag.py                           0           0  0.06s           2025-04-15T20:15:29                       3
================================================================================
[2025-04-15T20:16:03.131+0000] {manager.py:997} INFO - 
================================================================================
DAG File Processing Stats

File Path                        PID    Runtime      # DAGs    # Errors  Last Runtime    Last Run               Last # of DB Queries
-------------------------------  -----  ---------  --------  ----------  --------------  -------------------  ----------------------
/opt/airflow/dags/reddit_dag.py                           0           0  0.04s           2025-04-15T20:16:00                       3
================================================================================
[2025-04-15T20:16:33.480+0000] {manager.py:997} INFO - 
================================================================================
DAG File Processing Stats

File Path                        PID    Runtime      # DAGs    # Errors  Last Runtime    Last Run               Last # of DB Queries
-------------------------------  -----  ---------  --------  ----------  --------------  -------------------  ----------------------
/opt/airflow/dags/reddit_dag.py                           0           0  0.05s           2025-04-15T20:16:30                       3
================================================================================
[2025-04-15T20:17:03.808+0000] {manager.py:997} INFO - 
================================================================================
DAG File Processing Stats

File Path                        PID    Runtime      # DAGs    # Errors  Last Runtime    Last Run               Last # of DB Queries
-------------------------------  -----  ---------  --------  ----------  --------------  -------------------  ----------------------
/opt/airflow/dags/reddit_dag.py                           0           0  0.04s           2025-04-15T20:17:00                       3
================================================================================
[2025-04-15T20:17:34.128+0000] {manager.py:997} INFO - 
================================================================================
DAG File Processing Stats

File Path                        PID    Runtime      # DAGs    # Errors  Last Runtime    Last Run               Last # of DB Queries
-------------------------------  -----  ---------  --------  ----------  --------------  -------------------  ----------------------
/opt/airflow/dags/reddit_dag.py                           0           0  0.04s           2025-04-15T20:17:31                       3
================================================================================
[2025-04-15T20:18:04.471+0000] {manager.py:997} INFO - 
================================================================================
DAG File Processing Stats

File Path                        PID    Runtime      # DAGs    # Errors  Last Runtime    Last Run               Last # of DB Queries
-------------------------------  -----  ---------  --------  ----------  --------------  -------------------  ----------------------
/opt/airflow/dags/reddit_dag.py                           0           0  0.04s           2025-04-15T20:18:01                       3
================================================================================
[2025-04-15T20:18:34.838+0000] {manager.py:997} INFO - 
================================================================================
DAG File Processing Stats

File Path                        PID    Runtime      # DAGs    # Errors  Last Runtime    Last Run               Last # of DB Queries
-------------------------------  -----  ---------  --------  ----------  --------------  -------------------  ----------------------
/opt/airflow/dags/reddit_dag.py                           0           0  0.06s           2025-04-15T20:18:31                       3
================================================================================
[2025-04-15T20:19:05.163+0000] {manager.py:997} INFO - 
================================================================================
DAG File Processing Stats

File Path                        PID    Runtime      # DAGs    # Errors  Last Runtime    Last Run               Last # of DB Queries
-------------------------------  -----  ---------  --------  ----------  --------------  -------------------  ----------------------
/opt/airflow/dags/reddit_dag.py                           0           0  0.07s           2025-04-15T20:19:02                       3
================================================================================
[2025-04-15T20:19:29.393+0000] {manager.py:821} INFO - Searching for files in /opt/airflow/dags
[2025-04-15T20:19:29.406+0000] {manager.py:824} INFO - There are 1 files in /opt/airflow/dags
[2025-04-15T20:19:35.499+0000] {manager.py:997} INFO - 
================================================================================
DAG File Processing Stats

File Path                        PID    Runtime      # DAGs    # Errors  Last Runtime    Last Run               Last # of DB Queries
-------------------------------  -----  ---------  --------  ----------  --------------  -------------------  ----------------------
/opt/airflow/dags/reddit_dag.py                           0           0  0.07s           2025-04-15T20:19:32                       3
================================================================================
[2025-04-15T20:20:05.807+0000] {manager.py:997} INFO - 
================================================================================
DAG File Processing Stats

File Path                        PID    Runtime      # DAGs    # Errors  Last Runtime    Last Run               Last # of DB Queries
-------------------------------  -----  ---------  --------  ----------  --------------  -------------------  ----------------------
/opt/airflow/dags/reddit_dag.py                           0           0  0.03s           2025-04-15T20:20:02                       3
================================================================================
[2025-04-15T20:20:36.151+0000] {manager.py:997} INFO - 
================================================================================
DAG File Processing Stats

File Path                        PID    Runtime      # DAGs    # Errors  Last Runtime    Last Run               Last # of DB Queries
-------------------------------  -----  ---------  --------  ----------  --------------  -------------------  ----------------------
/opt/airflow/dags/reddit_dag.py                           0           0  0.06s           2025-04-15T20:20:33                       3
================================================================================
[2025-04-15T20:21:06.498+0000] {manager.py:997} INFO - 
================================================================================
DAG File Processing Stats

File Path                        PID    Runtime      # DAGs    # Errors  Last Runtime    Last Run               Last # of DB Queries
-------------------------------  -----  ---------  --------  ----------  --------------  -------------------  ----------------------
/opt/airflow/dags/reddit_dag.py                           0           0  0.05s           2025-04-15T20:21:03                       3
================================================================================
[2025-04-15T20:21:36.859+0000] {manager.py:997} INFO - 
================================================================================
DAG File Processing Stats

File Path                        PID    Runtime      # DAGs    # Errors  Last Runtime    Last Run               Last # of DB Queries
-------------------------------  -----  ---------  --------  ----------  --------------  -------------------  ----------------------
/opt/airflow/dags/reddit_dag.py                           0           0  0.07s           2025-04-15T20:21:33                       3
================================================================================
[2025-04-15T20:22:07.169+0000] {manager.py:997} INFO - 
================================================================================
DAG File Processing Stats

File Path                        PID    Runtime      # DAGs    # Errors  Last Runtime    Last Run               Last # of DB Queries
-------------------------------  -----  ---------  --------  ----------  --------------  -------------------  ----------------------
/opt/airflow/dags/reddit_dag.py                           0           0  0.04s           2025-04-15T20:22:04                       3
================================================================================
[2025-04-15T20:22:37.482+0000] {manager.py:997} INFO - 
================================================================================
DAG File Processing Stats

File Path                        PID    Runtime      # DAGs    # Errors  Last Runtime    Last Run               Last # of DB Queries
-------------------------------  -----  ---------  --------  ----------  --------------  -------------------  ----------------------
/opt/airflow/dags/reddit_dag.py                           0           0  0.05s           2025-04-15T20:22:26                       3
================================================================================
[2025-04-15T20:23:07.835+0000] {manager.py:997} INFO - 
================================================================================
DAG File Processing Stats

File Path                        PID    Runtime      # DAGs    # Errors  Last Runtime    Last Run               Last # of DB Queries
-------------------------------  -----  ---------  --------  ----------  --------------  -------------------  ----------------------
/opt/airflow/dags/reddit_dag.py                           0           0  0.06s           2025-04-15T20:22:56                       3
================================================================================
[2025-04-15T20:23:38.183+0000] {manager.py:997} INFO - 
================================================================================
DAG File Processing Stats

File Path                        PID    Runtime      # DAGs    # Errors  Last Runtime    Last Run               Last # of DB Queries
-------------------------------  -----  ---------  --------  ----------  --------------  -------------------  ----------------------
/opt/airflow/dags/reddit_dag.py                           0           0  0.07s           2025-04-15T20:23:27                       3
================================================================================
[2025-04-15T20:24:08.526+0000] {manager.py:997} INFO - 
================================================================================
DAG File Processing Stats

File Path                        PID    Runtime      # DAGs    # Errors  Last Runtime    Last Run               Last # of DB Queries
-------------------------------  -----  ---------  --------  ----------  --------------  -------------------  ----------------------
/opt/airflow/dags/reddit_dag.py                           0           0  0.06s           2025-04-15T20:23:57                       3
================================================================================
[2025-04-15T20:24:29.803+0000] {manager.py:821} INFO - Searching for files in /opt/airflow/dags
[2025-04-15T20:24:29.817+0000] {manager.py:824} INFO - There are 1 files in /opt/airflow/dags
[2025-04-15T20:24:38.981+0000] {manager.py:997} INFO - 
================================================================================
DAG File Processing Stats

File Path                        PID    Runtime      # DAGs    # Errors  Last Runtime    Last Run               Last # of DB Queries
-------------------------------  -----  ---------  --------  ----------  --------------  -------------------  ----------------------
/opt/airflow/dags/reddit_dag.py                           0           0  0.03s           2025-04-15T20:24:13                       3
================================================================================
